c:\users\studentwsb\documents\visual studio 2015\projects\consoleapplication1\consoleapplication1\debug\program1.pch.codeanalysis
c:\users\studentwsb\documents\visual studio 2015\projects\consoleapplication1\consoleapplication1\debug\vc140.pdb
c:\users\studentwsb\documents\visual studio 2015\projects\consoleapplication1\consoleapplication1\debug\vc140.idb
c:\users\studentwsb\documents\visual studio 2015\projects\consoleapplication1\consoleapplication1\debug\program1.pch.codeanalysisast
c:\users\studentwsb\documents\visual studio 2015\projects\consoleapplication1\consoleapplication1\debug\stdafx.nativecodeanalysis.xml
c:\users\studentwsb\documents\visual studio 2015\projects\consoleapplication1\consoleapplication1\debug\stdafx.obj
c:\users\studentwsb\documents\visual studio 2015\projects\consoleapplication1\consoleapplication1\debug\program1.pch
c:\users\studentwsb\documents\visual studio 2015\projects\consoleapplication1\consoleapplication1\debug\consoleapplication1.nativecodeanalysis.xml
c:\users\studentwsb\documents\visual studio 2015\projects\consoleapplication1\consoleapplication1\debug\tmenu.nativecodeanalysis.xml
c:\users\studentwsb\documents\visual studio 2015\projects\consoleapplication1\consoleapplication1\debug\tmenu.obj
c:\users\studentwsb\documents\visual studio 2015\projects\consoleapplication1\consoleapplication1\debug\consoleapplication1.obj
c:\users\studentwsb\documents\visual studio 2015\projects\consoleapplication1\debug\program1.ilk
c:\users\studentwsb\documents\visual studio 2015\projects\consoleapplication1\debug\program1.exe
c:\users\studentwsb\documents\visual studio 2015\projects\consoleapplication1\debug\program1.pdb
c:\users\studentwsb\documents\visual studio 2015\projects\consoleapplication1\consoleapplication1\debug\nativecodeanalysis.read.1.tlog
c:\users\studentwsb\documents\visual studio 2015\projects\consoleapplication1\consoleapplication1\debug\vc.nativecodeanalysis.all.xml
c:\users\studentwsb\documents\visual studio 2015\projects\consoleapplication1\debug\program1.exe.lastcodeanalysissucceeded
c:\users\studentwsb\documents\visual studio 2015\projects\consoleapplication1\consoleapplication1\debug\program1.tlog\cl.command.1.tlog
c:\users\studentwsb\documents\visual studio 2015\projects\consoleapplication1\consoleapplication1\debug\program1.tlog\cl.read.1.tlog
c:\users\studentwsb\documents\visual studio 2015\projects\consoleapplication1\consoleapplication1\debug\program1.tlog\cl.write.1.tlog
c:\users\studentwsb\documents\visual studio 2015\projects\consoleapplication1\consoleapplication1\debug\program1.tlog\link.command.1.tlog
c:\users\studentwsb\documents\visual studio 2015\projects\consoleapplication1\consoleapplication1\debug\program1.tlog\link.read.1.tlog
c:\users\studentwsb\documents\visual studio 2015\projects\consoleapplication1\consoleapplication1\debug\program1.tlog\link.write.1.tlog
